<?xml version="1.0" encoding="UTF-8"?>
<coverage generated="1702999130277" clover="3.2.0">
  <project timestamp="1702999130277" name="All files">
    <metrics statements="42" coveredstatements="39" conditionals="6" coveredconditionals="4" methods="15" coveredmethods="13" elements="63" coveredelements="56" complexity="0" loc="42" ncloc="42" packages="2" files="5" classes="5"/>
    <package name="components">
      <metrics statements="39" coveredstatements="36" conditionals="6" coveredconditionals="4" methods="15" coveredmethods="13"/>
      <file name="Body.js" path="C:\Users\14372\Desktop\main\namaste-react\src\components\Body.js">
        <metrics statements="27" coveredstatements="25" conditionals="6" coveredconditionals="4" methods="10" coveredmethods="9"/>
        <line num="8" count="1" type="stmt"/>
        <line num="10" count="7" type="stmt"/>
        <line num="12" count="7" type="stmt"/>
        <line num="13" count="7" type="stmt"/>
        <line num="15" count="7" type="stmt"/>
        <line num="18" count="7" type="stmt"/>
        <line num="19" count="2" type="stmt"/>
        <line num="22" count="7" type="stmt"/>
        <line num="23" count="2" type="stmt"/>
        <line num="27" count="2" type="stmt"/>
        <line num="29" count="2" type="stmt"/>
        <line num="33" count="2" type="stmt"/>
        <line num="37" count="7" type="stmt"/>
        <line num="39" count="7" type="cond" truecount="1" falsecount="1"/>
        <line num="40" count="0" type="stmt"/>
        <line num="46" count="7" type="stmt"/>
        <line num="48" count="7" type="cond" truecount="2" falsecount="0"/>
        <line num="60" count="1" type="stmt"/>
        <line num="66" count="1" type="stmt"/>
        <line num="68" count="1" type="stmt"/>
        <line num="69" count="20" type="stmt"/>
        <line num="71" count="1" type="stmt"/>
        <line num="82" count="1" type="stmt"/>
        <line num="83" count="20" type="stmt"/>
        <line num="86" count="1" type="stmt"/>
        <line num="97" count="0" type="stmt"/>
        <line num="103" count="75" type="stmt"/>
      </file>
      <file name="Contact.js" path="C:\Users\14372\Desktop\main\namaste-react\src\components\Contact.js">
        <metrics statements="2" coveredstatements="2" conditionals="0" coveredconditionals="0" methods="1" coveredmethods="1"/>
        <line num="1" count="1" type="stmt"/>
        <line num="2" count="4" type="stmt"/>
      </file>
      <file name="RestaurantCard.js" path="C:\Users\14372\Desktop\main\namaste-react\src\components\RestaurantCard.js">
        <metrics statements="8" coveredstatements="7" conditionals="0" coveredconditionals="0" methods="3" coveredmethods="2"/>
        <line num="5" count="2" type="stmt"/>
        <line num="8" count="80" type="stmt"/>
        <line num="12" count="79" type="stmt"/>
        <line num="22" count="79" type="stmt"/>
        <line num="23" count="75" type="stmt"/>
        <line num="47" count="2" type="stmt"/>
        <line num="48" count="7" type="stmt"/>
        <line num="49" count="0" type="stmt"/>
      </file>
      <file name="sum.js" path="C:\Users\14372\Desktop\main\namaste-react\src\components\sum.js">
        <metrics statements="2" coveredstatements="2" conditionals="0" coveredconditionals="0" methods="1" coveredmethods="1"/>
        <line num="1" count="1" type="stmt"/>
        <line num="2" count="1" type="stmt"/>
      </file>
    </package>
    <package name="utils">
      <metrics statements="3" coveredstatements="3" conditionals="0" coveredconditionals="0" methods="0" coveredmethods="0"/>
      <file name="constants.js" path="C:\Users\14372\Desktop\main\namaste-react\src\utils\constants.js">
        <metrics statements="3" coveredstatements="3" conditionals="0" coveredconditionals="0" methods="0" coveredmethods="0"/>
        <line num="3" count="2" type="stmt"/>
        <line num="6" count="2" type="stmt"/>
        <line num="11" count="2" type="stmt"/>
      </file>
    </package>
  </project>
</coverage>
