{"C:\\Users\\14372\\Desktop\\main\\namaste-react\\src\\components\\Body.js": {"path":"C:\\Users\\14372\\Desktop\\main\\namaste-react\\src\\components\\Body.js","statementMap":{"0":{"start":{"line":8,"column":13},"end":{"line":119,"column":1}},"1":{"start":{"line":10,"column":50},"end":{"line":10,"column":62}},"2":{"start":{"line":12,"column":54},"end":{"line":12,"column":66}},"3":{"start":{"line":13,"column":38},"end":{"line":13,"column":50}},"4":{"start":{"line":15,"column":33},"end":{"line":15,"column":64}},"5":{"start":{"line":18,"column":2},"end":{"line":20,"column":9}},"6":{"start":{"line":19,"column":4},"end":{"line":19,"column":16}},"7":{"start":{"line":22,"column":20},"end":{"line":36,"column":3}},"8":{"start":{"line":23,"column":17},"end":{"line":25,"column":5}},"9":{"start":{"line":27,"column":17},"end":{"line":27,"column":34}},"10":{"start":{"line":29,"column":4},"end":{"line":31,"column":6}},"11":{"start":{"line":33,"column":4},"end":{"line":35,"column":6}},"12":{"start":{"line":37,"column":23},"end":{"line":37,"column":40}},"13":{"start":{"line":39,"column":2},"end":{"line":44,"column":6}},"14":{"start":{"line":40,"column":4},"end":{"line":44,"column":6}},"15":{"start":{"line":46,"column":40},"end":{"line":46,"column":63}},"16":{"start":{"line":48,"column":2},"end":{"line":118,"column":4}},"17":{"start":{"line":60,"column":14},"end":{"line":60,"column":44}},"18":{"start":{"line":66,"column":14},"end":{"line":66,"column":38}},"19":{"start":{"line":68,"column":41},"end":{"line":70,"column":15}},"20":{"start":{"line":69,"column":16},"end":{"line":69,"column":78}},"21":{"start":{"line":71,"column":14},"end":{"line":71,"column":56}},"22":{"start":{"line":82,"column":35},"end":{"line":84,"column":15}},"23":{"start":{"line":83,"column":25},"end":{"line":83,"column":49}},"24":{"start":{"line":86,"column":14},"end":{"line":86,"column":50}},"25":{"start":{"line":97,"column":29},"end":{"line":97,"column":56}},"26":{"start":{"line":103,"column":10},"end":{"line":114,"column":17}}},"fnMap":{"0":{"name":"(anonymous_0)","decl":{"start":{"line":8,"column":13},"end":{"line":8,"column":14}},"loc":{"start":{"line":8,"column":19},"end":{"line":119,"column":1}},"line":8},"1":{"name":"(anonymous_1)","decl":{"start":{"line":18,"column":12},"end":{"line":18,"column":13}},"loc":{"start":{"line":18,"column":18},"end":{"line":20,"column":3}},"line":18},"2":{"name":"(anonymous_2)","decl":{"start":{"line":22,"column":20},"end":{"line":22,"column":21}},"loc":{"start":{"line":22,"column":32},"end":{"line":36,"column":3}},"line":22},"3":{"name":"(anonymous_3)","decl":{"start":{"line":59,"column":22},"end":{"line":59,"column":23}},"loc":{"start":{"line":59,"column":29},"end":{"line":61,"column":13}},"line":59},"4":{"name":"(anonymous_4)","decl":{"start":{"line":65,"column":21},"end":{"line":65,"column":22}},"loc":{"start":{"line":65,"column":27},"end":{"line":72,"column":13}},"line":65},"5":{"name":"(anonymous_5)","decl":{"start":{"line":68,"column":65},"end":{"line":68,"column":66}},"loc":{"start":{"line":69,"column":16},"end":{"line":69,"column":78}},"line":69},"6":{"name":"(anonymous_6)","decl":{"start":{"line":80,"column":21},"end":{"line":80,"column":22}},"loc":{"start":{"line":80,"column":27},"end":{"line":87,"column":13}},"line":80},"7":{"name":"(anonymous_7)","decl":{"start":{"line":83,"column":16},"end":{"line":83,"column":17}},"loc":{"start":{"line":83,"column":25},"end":{"line":83,"column":49}},"line":83},"8":{"name":"(anonymous_8)","decl":{"start":{"line":97,"column":22},"end":{"line":97,"column":23}},"loc":{"start":{"line":97,"column":29},"end":{"line":97,"column":56}},"line":97},"9":{"name":"(anonymous_9)","decl":{"start":{"line":102,"column":33},"end":{"line":102,"column":34}},"loc":{"start":{"line":103,"column":10},"end":{"line":114,"column":17}},"line":103}},"branchMap":{"0":{"loc":{"start":{"line":39,"column":2},"end":{"line":44,"column":6}},"type":"if","locations":[{"start":{"line":39,"column":2},"end":{"line":44,"column":6}},{"start":{},"end":{}}],"line":39},"1":{"loc":{"start":{"line":48,"column":9},"end":{"line":118,"column":3}},"type":"cond-expr","locations":[{"start":{"line":49,"column":4},"end":{"line":49,"column":15}},{"start":{"line":51,"column":4},"end":{"line":117,"column":10}}],"line":48},"2":{"loc":{"start":{"line":109,"column":13},"end":{"line":113,"column":13}},"type":"cond-expr","locations":[{"start":{"line":110,"column":14},"end":{"line":110,"column":61}},{"start":{"line":112,"column":14},"end":{"line":112,"column":53}}],"line":109}},"s":{"0":1,"1":7,"2":7,"3":7,"4":7,"5":7,"6":2,"7":7,"8":2,"9":2,"10":2,"11":2,"12":7,"13":7,"14":0,"15":7,"16":7,"17":1,"18":1,"19":1,"20":20,"21":1,"22":1,"23":20,"24":1,"25":0,"26":75},"f":{"0":7,"1":2,"2":2,"3":1,"4":1,"5":20,"6":1,"7":20,"8":0,"9":75},"b":{"0":[0,7],"1":[2,5],"2":[0,75]},"_coverageSchema":"1a1c01bbd47fc00a2c39e90264f33305004495a9","hash":"8c79cc0a93187ec7f21b8082078c193cc093b005"}
,"C:\\Users\\14372\\Desktop\\main\\namaste-react\\src\\components\\Contact.js": {"path":"C:\\Users\\14372\\Desktop\\main\\namaste-react\\src\\components\\Contact.js","statementMap":{"0":{"start":{"line":1,"column":16},"end":{"line":22,"column":1}},"1":{"start":{"line":2,"column":2},"end":{"line":21,"column":4}}},"fnMap":{"0":{"name":"(anonymous_0)","decl":{"start":{"line":1,"column":16},"end":{"line":1,"column":17}},"loc":{"start":{"line":1,"column":22},"end":{"line":22,"column":1}},"line":1}},"branchMap":{},"s":{"0":1,"1":4},"f":{"0":4},"b":{},"_coverageSchema":"1a1c01bbd47fc00a2c39e90264f33305004495a9","hash":"01696d009260538bea0879781786f430d2168963"}
,"C:\\Users\\14372\\Desktop\\main\\namaste-react\\src\\components\\RestaurantCard.js": {"path":"C:\\Users\\14372\\Desktop\\main\\namaste-react\\src\\components\\RestaurantCard.js","statementMap":{"0":{"start":{"line":5,"column":23},"end":{"line":41,"column":1}},"1":{"start":{"line":8,"column":22},"end":{"line":8,"column":27}},"2":{"start":{"line":12,"column":27},"end":{"line":12,"column":50}},"3":{"start":{"line":22,"column":6},"end":{"line":22,"column":19}},"4":{"start":{"line":23,"column":2},"end":{"line":40,"column":4}},"5":{"start":{"line":47,"column":31},"end":{"line":58,"column":1}},"6":{"start":{"line":48,"column":2},"end":{"line":57,"column":4}},"7":{"start":{"line":49,"column":4},"end":{"line":56,"column":6}}},"fnMap":{"0":{"name":"(anonymous_0)","decl":{"start":{"line":5,"column":23},"end":{"line":5,"column":24}},"loc":{"start":{"line":5,"column":34},"end":{"line":41,"column":1}},"line":5},"1":{"name":"(anonymous_1)","decl":{"start":{"line":47,"column":31},"end":{"line":47,"column":32}},"loc":{"start":{"line":47,"column":51},"end":{"line":58,"column":1}},"line":47},"2":{"name":"(anonymous_2)","decl":{"start":{"line":48,"column":9},"end":{"line":48,"column":10}},"loc":{"start":{"line":48,"column":20},"end":{"line":57,"column":3}},"line":48}},"branchMap":{},"s":{"0":2,"1":80,"2":79,"3":79,"4":75,"5":2,"6":7,"7":0},"f":{"0":80,"1":7,"2":0},"b":{},"_coverageSchema":"1a1c01bbd47fc00a2c39e90264f33305004495a9","hash":"644b9adabc9dcc2bf4d518d219de9d6ce60872a2"}
,"C:\\Users\\14372\\Desktop\\main\\namaste-react\\src\\components\\sum.js": {"path":"C:\\Users\\14372\\Desktop\\main\\namaste-react\\src\\components\\sum.js","statementMap":{"0":{"start":{"line":1,"column":19},"end":{"line":3,"column":1}},"1":{"start":{"line":2,"column":2},"end":{"line":2,"column":15}}},"fnMap":{"0":{"name":"(anonymous_0)","decl":{"start":{"line":1,"column":19},"end":{"line":1,"column":20}},"loc":{"start":{"line":1,"column":29},"end":{"line":3,"column":1}},"line":1}},"branchMap":{},"s":{"0":1,"1":1},"f":{"0":1},"b":{},"_coverageSchema":"1a1c01bbd47fc00a2c39e90264f33305004495a9","hash":"f3b039f8aa881758b961682d9fad965535807104"}
,"C:\\Users\\14372\\Desktop\\main\\namaste-react\\src\\utils\\constants.js": {"path":"C:\\Users\\14372\\Desktop\\main\\namaste-react\\src\\utils\\constants.js","statementMap":{"0":{"start":{"line":3,"column":2},"end":{"line":3,"column":85}},"1":{"start":{"line":6,"column":2},"end":{"line":6,"column":75}},"2":{"start":{"line":11,"column":2},"end":{"line":11,"column":132}}},"fnMap":{},"branchMap":{},"s":{"0":2,"1":2,"2":2},"f":{},"b":{},"_coverageSchema":"1a1c01bbd47fc00a2c39e90264f33305004495a9","hash":"302f2d367c057f6bf120ab892c4a497b7e9aa7d8"}
}
