TN:
SF:src\components\Body.js
FN:8,(anonymous_0)
FN:18,(anonymous_1)
FN:22,(anonymous_2)
FN:59,(anonymous_3)
FN:65,(anonymous_4)
FN:68,(anonymous_5)
FN:80,(anonymous_6)
FN:83,(anonymous_7)
FN:97,(anonymous_8)
FN:102,(anonymous_9)
FNF:10
FNH:9
FNDA:7,(anonymous_0)
FNDA:2,(anonymous_1)
FNDA:2,(anonymous_2)
FNDA:1,(anonymous_3)
FNDA:1,(anonymous_4)
FNDA:20,(anonymous_5)
FNDA:1,(anonymous_6)
FNDA:20,(anonymous_7)
FNDA:0,(anonymous_8)
FNDA:75,(anonymous_9)
DA:8,1
DA:10,7
DA:12,7
DA:13,7
DA:15,7
DA:18,7
DA:19,2
DA:22,7
DA:23,2
DA:27,2
DA:29,2
DA:33,2
DA:37,7
DA:39,7
DA:40,0
DA:46,7
DA:48,7
DA:60,1
DA:66,1
DA:68,1
DA:69,20
DA:71,1
DA:82,1
DA:83,20
DA:86,1
DA:97,0
DA:103,75
LF:27
LH:25
BRDA:39,0,0,0
BRDA:39,0,1,7
BRDA:48,1,0,2
BRDA:48,1,1,5
BRDA:109,2,0,0
BRDA:109,2,1,75
BRF:6
BRH:4
end_of_record
TN:
SF:src\components\Contact.js
FN:1,(anonymous_0)
FNF:1
FNH:1
FNDA:4,(anonymous_0)
DA:1,1
DA:2,4
LF:2
LH:2
BRF:0
BRH:0
end_of_record
TN:
SF:src\components\RestaurantCard.js
FN:5,(anonymous_0)
FN:47,(anonymous_1)
FN:48,(anonymous_2)
FNF:3
FNH:2
FNDA:80,(anonymous_0)
FNDA:7,(anonymous_1)
FNDA:0,(anonymous_2)
DA:5,2
DA:8,80
DA:12,79
DA:22,79
DA:23,75
DA:47,2
DA:48,7
DA:49,0
LF:8
LH:7
BRF:0
BRH:0
end_of_record
TN:
SF:src\components\sum.js
FN:1,(anonymous_0)
FNF:1
FNH:1
FNDA:1,(anonymous_0)
DA:1,1
DA:2,1
LF:2
LH:2
BRF:0
BRH:0
end_of_record
TN:
SF:src\utils\constants.js
FNF:0
FNH:0
DA:3,2
DA:6,2
DA:11,2
LF:3
LH:3
BRF:0
BRH:0
end_of_record
